<?xml version="1.0" encoding="UTF-8"?>
<!-- Generated by org.testng.reporters.JUnitReportReporter -->
<testsuite hostname="Koti6909" failures="0" tests="1" name="com.aspwebdriver.dayone" time="4.268" errors="0" timestamp="2023-07-15T12:03:41 IST" skipped="0">
  <testcase classname="com.aspwebdriver.dayone" name="automationtesting" time="4.268"/>
  <system-out/>
</testsuite> <!-- com.aspwebdriver.dayone -->
