<?xml version="1.0" encoding="UTF-8"?>
<!-- Generated by org.testng.reporters.JUnitReportReporter -->
<testsuite hostname="Koti6909" failures="0" tests="1" name="com.aspwebdriver.Amazon" time="11.767" errors="0" timestamp="2023-07-23T17:05:37 IST" skipped="0">
  <testcase classname="com.aspwebdriver.Amazon" name="livetech" time="11.767"/>
  <system-out/>
</testsuite> <!-- com.aspwebdriver.Amazon -->
