<?xml version="1.0" encoding="UTF-8"?>
<!-- Generated by org.testng.reporters.JUnitReportReporter -->
<testsuite hostname="Koti6909" failures="0" tests="1" name="com.aspwebdriver.Testclass7" time="9.757" errors="0" timestamp="2023-07-21T19:17:51 IST" skipped="0">
  <testcase classname="com.aspwebdriver.Testclass7" name="ebay" time="9.757"/>
  <system-out/>
</testsuite> <!-- com.aspwebdriver.Testclass7 -->
