<?xml version="1.0" encoding="UTF-8"?>
<!-- Generated by org.testng.reporters.JUnitReportReporter -->
<testsuite hostname="Koti6909" failures="0" tests="1" name="com.aspwebdriver.Testclass4" time="6.566" errors="0" timestamp="2023-07-16T13:07:07 IST" skipped="0">
  <testcase classname="com.aspwebdriver.Testclass4" name="parabank" time="6.566"/>
  <system-out/>
</testsuite> <!-- com.aspwebdriver.Testclass4 -->
